# 성능 테스트 보고서

## 전제 조건

- DAU: 15,000명
- 1명당 1일 평균 접속 수: 2번
- 피크 시간대의 집중률: 평소 트래픽의 10배
- Throughput 계산:
    - 1일 총 접속 수 = DAU × 1명당 1일 평균 접속 수 = 15,000 × 2 = 30,000 (1일 총 접속 수)
    - 1일 평균 RPS = 1일 총 접속 수 ÷ 86,400 (초/일)= 30,000 ÷ 86,400 ≈ 3 RPS
    - 1일 최대 RPS = 1일 평균 RPS × (최대 트래픽 / 평소 트래픽)= 3 × 10 = 30 RPS
    - VU: 15,000명

- optional
    - thresholds
    - e.g p(95) 의 응답 소요 시간 200ms 이하
    - 실패율 1% 이하

## 0. Index 적용 전 (검색 미적용)

### 쿼리 (실제로 동작하는 쿼리)

```
    select
        s.screening_id,
        s.start_at,
        s.end_at,
        m.movie_id,
        m.title,
        m.rating,
        m.release_at,
        m.thumbnail,
        m.runtime,
        m.genre,
        t.theater_id,
        t.name 
    from
        screening s 
    join
        movie m 
            on s.movie_id=m.movie_id 
    join
        theater t 
            on s.theater_id=t.theater_id 
    where
        s.start_at>now()
    order by
        m.release_at desc
```

### 실행 계획

```

-> Sort: m.release_at DESC  (actual time=16.7..16.9 rows=1178 loops=1)
    -> Stream results  (cost=1340 rows=1667) (actual time=5.29..13.7 rows=1178 loops=1)
        -> Nested loop inner join  (cost=1340 rows=1667) (actual time=4.43..11.9 rows=1178 loops=1)
            -> Nested loop inner join  (cost=756 rows=1667) (actual time=4.37..9.51 rows=1178 loops=1)
                -> Filter: (s.start_at > <cache>(now()))  (cost=173 rows=1667) (actual time=3.47..7.04 rows=1178 loops=1)
                    -> Table scan on s  (cost=173 rows=5002) (actual time=2.5..5.56 rows=5000 loops=1)
                -> Filter: (s.theater_id = t.theater_id)  (cost=0.25 rows=1) (actual time=0.00177..0.00192 rows=1 loops=1178)
                    -> Single-row index lookup on t using PRIMARY (theater_id = s.theater_id)  (cost=0.25 rows=1) (actual time=0.00147..0.00153 rows=1 loops=1178)
            -> Filter: (s.movie_id = m.movie_id)  (cost=0.25 rows=1) (actual time=0.00171..0.00181 rows=1 loops=1178)
                -> Single-row index lookup on m using PRIMARY (movie_id = s.movie_id)  (cost=0.25 rows=1) (actual time=0.00155..0.00159 rows=1 loops=1178)


```

### 부하 테스트 결과 (스크린샷)

```

     scenarios: (100.00%) 1 scenario, 100 max VUs, 5m30s max duration (incl. graceful stop):
              * constant_load: 30.00 iterations/s for 5m0s (maxVUs: 10-100, gracefulStop: 30s)


     ✓ status is 200

     checks.........................: 100.00% 8929 out of 8929
     data_received..................: 2.6 GB  8.5 MB/s
     data_sent......................: 938 kB  3.1 kB/s
     dropped_iterations.............: 72      0.239971/s
     http_req_blocked...............: avg=36.02µs min=1µs     med=6µs     max=129.29ms p(90)=11µs    p(95)=15µs   
     http_req_connecting............: avg=12.93µs min=0s      med=0s      max=43.53ms  p(90)=0s      p(95)=0s     
   ✓ http_req_duration..............: avg=49.99ms min=32.14ms med=38.71ms max=2.9s     p(90)=53.75ms p(95)=87.07ms
       { expected_response:true }...: avg=49.99ms min=32.14ms med=38.71ms max=2.9s     p(90)=53.75ms p(95)=87.07ms
   ✓ http_req_failed................: 0.00%   0 out of 8929
     http_req_receiving.............: avg=6.48ms  min=257µs   med=5.2ms   max=212.45ms p(90)=7.24ms  p(95)=11.16ms
     http_req_sending...............: avg=73.96µs min=10µs    med=23µs    max=115.13ms p(90)=40µs    p(95)=59µs   
     http_req_tls_handshaking.......: avg=0s      min=0s      med=0s      max=0s       p(90)=0s      p(95)=0s     
     http_req_waiting...............: avg=43.43ms min=27.11ms med=33.44ms max=2.72s    p(90)=46.5ms  p(95)=74.41ms
     http_reqs......................: 8929    29.75971/s
     iteration_duration.............: avg=50.48ms min=32.33ms med=38.95ms max=2.9s     p(90)=54.25ms p(95)=87.58ms
     iterations.....................: 8929    29.75971/s
     vus............................: 2       min=1            max=15
     vus_max........................: 18      min=10           max=18


```

## 1. Index 적용 전 (검색 적용)

### 쿼리 (실제로 동작하는 쿼리)

```
    select
        s.screening_id,
        s.start_at,
        s.end_at,
        m.movie_id,
        m.title,
        m.rating,
        m.release_at,
        m.thumbnail,
        m.runtime,
        m.genre,
        t.theater_id,
        t.name 
    from
        screening s 
    join
        movie m 
            on s.movie_id=m.movie_id 
    join
        theater t 
            on s.theater_id=t.theater_id 
    where
        m.title='Tomb, The'
        and m.genre='ACTION'
        and s.start_at>now()
    order by
        m.release_at desc
        
```

- 실행 계획

```
-> Sort: m.release_at DESC  (actual time=13.5..13.5 rows=2 loops=1)
    -> Stream results  (cost=1340 rows=83.4) (actual time=2.82..13 rows=2 loops=1)
        -> Nested loop inner join  (cost=1340 rows=83.4) (actual time=2.49..12.6 rows=2 loops=1)
            -> Nested loop inner join  (cost=756 rows=1667) (actual time=1.75..8.69 rows=1178 loops=1)
                -> Filter: (s.start_at > <cache>(now()))  (cost=173 rows=1667) (actual time=1.33..5.62 rows=1178 loops=1)
                    -> Table scan on s  (cost=173 rows=5002) (actual time=0.917..4.55 rows=5000 loops=1)
                -> Filter: (s.theater_id = t.theater_id)  (cost=0.25 rows=1) (actual time=0.00214..0.00231 rows=1 loops=1178)
                    -> Single-row index lookup on t using PRIMARY (theater_id = s.theater_id)  (cost=0.25 rows=1) (actual time=0.00187..0.00193 rows=1 loops=1178)
            -> Filter: ((m.genre = 'ACTION') and (m.title = 'Tomb, The') and (s.movie_id = m.movie_id))  (cost=0.25 rows=0.05) (actual time=0.00313..0.00313 rows=0.0017 loops=1178)
                -> Single-row index lookup on m using PRIMARY (movie_id = s.movie_id)  (cost=0.25 rows=1) (actual time=0.00241..0.00247 rows=1 loops=1178)

```

- 부하 테스트 결과 (스크린샷)

```

     scenarios: (100.00%) 1 scenario, 100 max VUs, 5m30s max duration (incl. graceful stop):
              * constant_load: 30.00 iterations/s for 5m0s (maxVUs: 10-100, gracefulStop: 30s)


     ✓ status is 200

     checks.........................: 100.00% 8946 out of 8946
     data_received..................: 5.1 MB  17 kB/s
     data_sent......................: 1.2 MB  4.1 kB/s
     dropped_iterations.............: 55      0.183318/s
     http_req_blocked...............: avg=73.52µs  min=3µs    med=14µs    max=147.8ms  p(90)=25µs    p(95)=31µs    
     http_req_connecting............: avg=21.16µs  min=0s     med=0s      max=109.62ms p(90)=0s      p(95)=0s      
   ✓ http_req_duration..............: avg=18.92ms  min=6.02ms med=15.04ms max=1.58s    p(90)=19.75ms p(95)=22.42ms 
       { expected_response:true }...: avg=18.92ms  min=6.02ms med=15.04ms max=1.58s    p(90)=19.75ms p(95)=22.42ms 
   ✓ http_req_failed................: 0.00%   0 out of 8946
     http_req_receiving.............: avg=207.6µs  min=43µs   med=176µs   max=109.51ms p(90)=278µs   p(95)=315.75µs
     http_req_sending...............: avg=108.89µs min=10µs   med=54µs    max=303.08ms p(90)=91µs    p(95)=106µs   
     http_req_tls_handshaking.......: avg=0s       min=0s     med=0s      max=0s       p(90)=0s      p(95)=0s      
     http_req_waiting...............: avg=18.6ms   min=5.96ms med=14.8ms  max=1.58s    p(90)=19.42ms p(95)=22.09ms 
     http_reqs......................: 8946    29.817482/s
     iteration_duration.............: avg=19.5ms   min=6.14ms med=15.5ms  max=1.58s    p(90)=20.27ms p(95)=23.17ms 
     iterations.....................: 8946    29.817482/s
     vus............................: 1       min=0            max=18
     vus_max........................: 20      min=10           max=20

```

## 2. Index 적용 후

- Like 연산과 동등 연산의 실행 계획을 모두 붙여주세요.

### 적용한 인덱스 DDL

- 적용한 인덱스가 N 개라면 N 개 모두 붙여주세요.

```

ALTER TABLE `theater`.`movie` 
ADD INDEX `idx_movie_title_genre` (`title` ASC, `genre` ASC);

ALTER TABLE `theater`.`screening` 
ADD INDEX `idx_screening_start_at` (`start_at` ASC);

ALTER TABLE `theater`.`movie`
ADD FULLTEXT INDEX idx_movie_title (title);

```

### 쿼리 (실제로 동작하는 쿼리)

- Like 연산

```
    select
        s.screening_id,
        s.start_at,
        s.end_at,
        m.movie_id,
        m.title,
        m.rating,
        m.release_at,
        m.thumbnail,
        m.runtime,
        m.genre,
        t.theater_id,
        t.name 
    from
        screening s 
    join
        movie m 
            on s.movie_id=m.movie_id 
    join
        theater t 
            on s.theater_id=t.theater_id 
    where
        m.title like '%Tomb, The%'
        and m.genre='ACTION'
        and s.start_at>now()
    order by
        m.release_at desc
```

- 동등 연산

```
    select
        s.screening_id,
        s.start_at,
        s.end_at,
        m.movie_id,
        m.title,
        m.rating,
        m.release_at,
        m.thumbnail,
        m.runtime,
        m.genre,
        t.theater_id,
        t.name 
    from
        screening s 
    join
        movie m 
            on s.movie_id=m.movie_id 
    join
        theater t 
            on s.theater_id=t.theater_id 
    where
        m.title='Tomb, The'
        and m.genre='ACTION'
        and s.start_at>now()
    order by
        m.release_at desc
```

- Full-Text 연산

```
    select
        s.screening_id,
        s.start_at,
        s.end_at,
        m.movie_id,
        m.title,
        m.rating,
        m.release_at,
        m.thumbnail,
        m.runtime,
        m.genre,
        t.theater_id,
        t.name 
    from
        screening s 
    join
        movie m 
            on s.movie_id=m.movie_id 
    join
        theater t 
            on s.theater_id=t.theater_id 
    where
        m.genre='ACTION'
        and match(m.title) against ('"Tomb, The"' in natural language mode)
        and s.start_at>now()
    order by
        m.release_at desc

```

### 실행 계획

- Like 연산

```
-> Sort: m.release_at DESC  (actual time=22.9..22.9 rows=2 loops=1)
    -> Stream results  (cost=2197 rows=60.5) (actual time=4.44..22.7 rows=2 loops=1)
        -> Nested loop inner join  (cost=2197 rows=60.5) (actual time=4.4..22.6 rows=2 loops=1)
            -> Nested loop inner join  (cost=967 rows=1209) (actual time=1.01..9.61 rows=1209 loops=1)
                -> Index range scan on s using idx_screening_start_at over ('2025-03-23 21:56:26.000000' < start_at), with index condition: (s.start_at > <cache>(now()))  (cost=544 rows=1209) (actual time=0.867..5.42 rows=1209 loops=1)
                -> Filter: (s.theater_id = t.theater_id)  (cost=0.25 rows=1) (actual time=0.00298..0.00313 rows=1 loops=1209)
                    -> Single-row index lookup on t using PRIMARY (theater_id = s.theater_id)  (cost=0.25 rows=1) (actual time=0.00271..0.00275 rows=1 loops=1209)
            -> Filter: ((m.genre = 'ACTION') and (m.title like '%Tomb, The%') and (s.movie_id = m.movie_id))  (cost=0.917 rows=0.05) (actual time=0.0105..0.0105 rows=0.00165 loops=1209)
                -> Single-row index lookup on m using PRIMARY (movie_id = s.movie_id)  (cost=0.917 rows=1) (actual time=0.00991..0.00995 rows=1 loops=1209)

```

- 동등 연산

```
-> Sort: m.release_at DESC  (actual time=5.19..5.19 rows=2 loops=1)
    -> Stream results  (cost=588 rows=121) (actual time=2.94..4.97 rows=2 loops=1)
        -> Nested loop inner join  (cost=588 rows=121) (actual time=2.89..4.92 rows=2 loops=1)
            -> Inner hash join (s.movie_id = m.movie_id)  (cost=545 rows=121) (actual time=2.54..4.57 rows=2 loops=1)
                -> Index range scan on s using idx_screening_start_at over ('2025-03-23 21:55:51.000000' < start_at), with index condition: (s.start_at > <cache>(now()))  (cost=436 rows=1209) (actual time=0.768..3.26 rows=1209 loops=1)
                -> Hash
                    -> Index lookup on m using idx_movie_title_genre (title = 'Tomb, The', genre = 'ACTION')  (cost=1.02 rows=1) (actual time=0.746..0.75 rows=1 loops=1)
            -> Filter: (s.theater_id = t.theater_id)  (cost=0.251 rows=1) (actual time=0.171..0.171 rows=1 loops=2)
                -> Single-row index lookup on t using PRIMARY (theater_id = s.theater_id)  (cost=0.251 rows=1) (actual time=0.0329..0.033 rows=1 loops=2)
```

- Full-Text 연산

```
-> Nested loop inner join  (cost=179 rows=120) (actual time=0.94..2.03 rows=2 loops=1)
    -> Nested loop inner join  (cost=163 rows=120) (actual time=0.889..1.97 rows=2 loops=1)
        -> Sort row IDs: m.release_at DESC  (cost=0.927 rows=1) (actual time=0.156..0.156 rows=1 loops=1)
            -> Filter: ((m.genre = 'ACTION') and (match m.title against ('"Tomb, The"')))  (cost=0.927 rows=1) (actual time=0.0833..0.087 rows=1 loops=1)
                -> Full-text index search on m using idx_movie_title (title = '"Tomb, The"')  (cost=0.927 rows=1) (actual time=0.0627..0.0659 rows=2 loops=1)
        -> Filter: (s.movie_id = m.movie_id)  (cost=542 rows=120) (actual time=0.733..1.82 rows=2 loops=1)
            -> Index range scan on s using idx_screening_start_at over ('2025-03-23 22:32:45.000000' < start_at), with index condition: (s.start_at > <cache>(now()))  (cost=542 rows=1204) (actual time=0.432..1.73 rows=1204 loops=1)
    -> Filter: (s.theater_id = t.theater_id)  (cost=0.258 rows=1) (actual time=0.0239..0.024 rows=1 loops=2)
        -> Single-row index lookup on t using PRIMARY (theater_id = s.theater_id)  (cost=0.258 rows=1) (actual time=0.0199..0.0199 rows=1 loops=2)

```

- 결과 비교

|       | Like 연산 | 동등 연산  | Full-Text 연산 |
|:------|:-------:|:------:|:------------:|
| 실행 시간 | 22.9ms  | 5.19ms |    2.03ms    |
| 비용    |  2197   |  588   |     179	     |

- 인덱스 사용

|           | `screening.start_at` |    `movie.title` + `movie.genre`     |       `movie.title`(Full-Text)       |
|:----------|:--------------------:|:------------------------------------:|:------------------------------------:|
| Like 연산자  |        **O**         | <span style="color:red">**X**</span> | <span style="color:red">**X**</span> |
| 동등 연산자    |        **O**         |                **O**                 | <span style="color:red">**X**</span> |
| Match 연산자 |        **O**         | <span style="color:red">**X**</span> |                **O**                 |

Like 연산자에 양쪽에 와일드카드를 사용하면 B-Tree Index가 적용되지 않아 Full Table Scan이 발생합니다.<br>
따라서 `movie.title`에 Full-Text Index를 생성하면 Like 연산자와 동일한 결과를 보다 빠르게 검색할 수 있습니다.

영화 데이터 약 1000개는 7가지 장르로 분류되며 각 장르로 분류된 데이터는 전체 데이터의 10% 이상을 차지합니다.<br>
카디널리티가 낮아 Full Table Scan이 발생할 가능성이 크므로 `movie.genre`에 대해 단일 인덱스를 생성하지 않았습니다.

### 부하 테스트 결과 (스크린샷)

- Like 연산

```

     scenarios: (100.00%) 1 scenario, 100 max VUs, 5m30s max duration (incl. graceful stop):
              * constant_load: 30.00 iterations/s for 5m0s (maxVUs: 10-100, gracefulStop: 30s)


     ✓ status is 200

     checks.........................: 100.00% 8977 out of 8977
     data_received..................: 5.1 MB  17 kB/s
     data_sent......................: 1.2 MB  4.1 kB/s
     dropped_iterations.............: 24      0.079994/s
     http_req_blocked...............: avg=42.8µs   min=3µs    med=14µs    max=105.71ms p(90)=26µs    p(95)=32µs   
     http_req_connecting............: avg=11µs     min=0s     med=0s      max=19.04ms  p(90)=0s      p(95)=0s     
   ✓ http_req_duration..............: avg=20.04ms  min=6.42ms med=15.49ms max=1.87s    p(90)=19.6ms  p(95)=21.76ms
       { expected_response:true }...: avg=20.04ms  min=6.42ms med=15.49ms max=1.87s    p(90)=19.6ms  p(95)=21.76ms
   ✓ http_req_failed................: 0.00%   0 out of 8977
     http_req_receiving.............: avg=206.84µs min=23µs   med=176µs   max=24.81ms  p(90)=275µs   p(95)=308µs  
     http_req_sending...............: avg=73.62µs  min=16µs   med=56µs    max=12.49ms  p(90)=97µs    p(95)=114µs  
     http_req_tls_handshaking.......: avg=0s       min=0s     med=0s      max=0s       p(90)=0s      p(95)=0s     
     http_req_waiting...............: avg=19.76ms  min=6.36ms med=15.25ms max=1.87s    p(90)=19.28ms p(95)=21.42ms
     http_reqs......................: 8977    29.920939/s
     iteration_duration.............: avg=20.55ms  min=6.56ms med=15.9ms  max=1.89s    p(90)=20.14ms p(95)=22.41ms
     iterations.....................: 8977    29.920939/s
     vus............................: 0       min=0            max=19
     vus_max........................: 33      min=19           max=33

```

- 동등 연산

```

     scenarios: (100.00%) 1 scenario, 100 max VUs, 5m30s max duration (incl. graceful stop):
              * constant_load: 30.00 iterations/s for 5m0s (maxVUs: 10-100, gracefulStop: 30s)


     ✓ status is 200

     checks.........................: 100.00% 9001 out of 9001
     data_received..................: 5.1 MB  17 kB/s
     data_sent......................: 1.2 MB  4.1 kB/s
     http_req_blocked...............: avg=23.58µs  min=3µs    med=11µs    max=8.94ms   p(90)=24µs    p(95)=28µs   
     http_req_connecting............: avg=5.65µs   min=0s     med=0s      max=3.05ms   p(90)=0s      p(95)=0s     
   ✓ http_req_duration..............: avg=10.41ms  min=3.75ms med=10.19ms max=232.15ms p(90)=13.08ms p(95)=14.19ms
       { expected_response:true }...: avg=10.41ms  min=3.75ms med=10.19ms max=232.15ms p(90)=13.08ms p(95)=14.19ms
   ✓ http_req_failed................: 0.00%   0 out of 9001
     http_req_receiving.............: avg=160.69µs min=29µs   med=135µs   max=11.94ms  p(90)=232µs   p(95)=267µs  
     http_req_sending...............: avg=66.88µs  min=17µs   med=45µs    max=41.61ms  p(90)=87µs    p(95)=99µs   
     http_req_tls_handshaking.......: avg=0s       min=0s     med=0s      max=0s       p(90)=0s      p(95)=0s     
     http_req_waiting...............: avg=10.18ms  min=3.67ms med=9.99ms  max=231.89ms p(90)=12.83ms p(95)=13.87ms
     http_reqs......................: 9001    29.996302/s
     iteration_duration.............: avg=10.79ms  min=3.88ms med=10.55ms max=235.72ms p(90)=13.56ms p(95)=14.75ms
     iterations.....................: 9001    29.996302/s
     vus............................: 0       min=0            max=0 
     vus_max........................: 10      min=10           max=10

```

## 3. 로컬 Caching 적용 후

### 실행 계획

- Caffeine Cache 사용
- `genre` + `title` 키 조합으로 조회된 결과를 캐시했습니다.
- maximumSize 생성된 항목 100개 초과 시 오래된 항목을 삭제합니다.
- expireAfterWrite 설정으로 항목이 생성된 후 1분 뒤 만료됩니다.

### 부하 테스트 결과 (스크린샷)

```
     scenarios: (100.00%) 1 scenario, 100 max VUs, 5m30s max duration (incl. graceful stop):
              * constant_load: 30.00 iterations/s for 5m0s (maxVUs: 10-100, gracefulStop: 30s)


     ✓ status is 200

     checks.........................: 100.00% 8976 out of 8976
     data_received..................: 5.1 MB  17 kB/s
     data_sent......................: 1.2 MB  4.1 kB/s
     dropped_iterations.............: 25      0.083332/s
     http_req_blocked...............: avg=33.73µs  min=3µs      med=19µs   max=8.08ms  p(90)=31µs   p(95)=36µs  
     http_req_connecting............: avg=8.02µs   min=0s       med=0s     max=4.05ms  p(90)=0s     p(95)=0s    
   ✓ http_req_duration..............: avg=6.61ms   min=608µs    med=2.21ms max=1.95s   p(90)=3.12ms p(95)=3.74ms
       { expected_response:true }...: avg=6.61ms   min=608µs    med=2.21ms max=1.95s   p(90)=3.12ms p(95)=3.74ms
   ✓ http_req_failed................: 0.00%   0 out of 8976
     http_req_receiving.............: avg=232.77µs min=18µs     med=187µs  max=31.73ms p(90)=255µs  p(95)=287µs 
     http_req_sending...............: avg=83.52µs  min=15µs     med=72µs   max=12.09ms p(90)=110µs  p(95)=120µs 
     http_req_tls_handshaking.......: avg=0s       min=0s       med=0s     max=0s      p(90)=0s     p(95)=0s    
     http_req_waiting...............: avg=6.29ms   min=553µs    med=1.93ms max=1.94s   p(90)=2.78ms p(95)=3.34ms
     http_reqs......................: 8976    29.919363/s
     iteration_duration.............: avg=7.19ms   min=701.75µs med=2.73ms max=1.97s   p(90)=3.82ms p(95)=4.49ms
     iterations.....................: 8976    29.919363/s
     vus............................: 0       min=0            max=29
     vus_max........................: 35      min=20           max=35


```

## 4. 분산 Caching 적용 후

### 실행 계획

- Redisson Cache 사용
- `genre` + `title` 키 조합으로 조회된 결과를 캐시했습니다.
- ttl 설정으로 항목이 생성된 후 1분 뒤 만료됩니다.

### 부하 테스트 결과 (스크린샷)

```
   scenarios: (100.00%) 1 scenario, 100 max VUs, 5m30s max duration (incl. graceful stop):
              * constant_load: 30.00 iterations/s for 5m0s (maxVUs: 10-100, gracefulStop: 30s)


     ✓ status is 200

     checks.........................: 100.00% 8895 out of 8895
     data_received..................: 5.0 MB  17 kB/s
     data_sent......................: 1.2 MB  4.1 kB/s
     dropped_iterations.............: 105     0.349996/s
     http_req_blocked...............: avg=60.92µs  min=2µs    med=16µs  max=121.65ms p(90)=27µs   p(95)=36µs   
     http_req_connecting............: avg=8.13µs   min=0s     med=0s    max=4.63ms   p(90)=0s     p(95)=0s     
   ✓ http_req_duration..............: avg=16.09ms  min=1.31ms med=4.2ms max=1.33s    p(90)=6.79ms p(95)=16.66ms
       { expected_response:true }...: avg=16.09ms  min=1.31ms med=4.2ms max=1.33s    p(90)=6.79ms p(95)=16.66ms
   ✓ http_req_failed................: 0.00%   0 out of 8895
     http_req_receiving.............: avg=323.31µs min=16µs   med=206µs max=259.14ms p(90)=319µs  p(95)=368µs  
     http_req_sending...............: avg=304.72µs min=8µs    med=64µs  max=1.04s    p(90)=103µs  p(95)=120µs  
     http_req_tls_handshaking.......: avg=0s       min=0s     med=0s    max=0s       p(90)=0s     p(95)=0s     
     http_req_waiting...............: avg=15.46ms  min=1.24ms med=3.9ms max=1.33s    p(90)=6.34ms p(95)=15.63ms
     http_reqs......................: 8895    29.64964/s
     iteration_duration.............: avg=17.14ms  min=1.53ms med=4.7ms max=1.48s    p(90)=7.53ms p(95)=18.31ms
     iterations.....................: 8895    29.64964/s
     vus............................: 0       min=0            max=18
     vus_max........................: 25      min=10           max=25

```
